<?xml version="1.0" encoding="UTF-8"?>
<testsuites>
  <testsuite name="D:\Tulip-Store\phpunit.xml" tests="1" assertions="0" errors="1" failures="0" skipped="0" time="0.000000">
    <testsuite name="Feature" tests="1" assertions="0" errors="1" failures="0" skipped="0" time="0.000000">
      <testsuite name="Tests\Feature\PurchaseOrderFlowTest" file="D:\Tulip-Store\tests\Feature\PurchaseOrderFlowTest.php" tests="1" assertions="0" errors="1" failures="0" skipped="0" time="0.000000">
        <testcase name="test_purchase_order_receiving_updates_stock_and_logs_movement" file="D:\Tulip-Store\tests\Feature\PurchaseOrderFlowTest.php" line="18" class="Tests\Feature\PurchaseOrderFlowTest" classname="Tests.Feature.PurchaseOrderFlowTest" assertions="0" time="0.000000">
          <error type="Illuminate\Database\QueryException">Tests\Feature\PurchaseOrderFlowTest::test_purchase_order_receiving_updates_stock_and_logs_movement&#13;
Illuminate\Database\QueryException: SQLSTATE[HY000]: General error: 1 table "leave_requests" already exists (Connection: sqlite, SQL: create table "leave_requests" ("id" integer primary key autoincrement not null, "employee_id" integer not null, "type" varchar check ("type" in ('vacation', 'sick', 'personal', 'maternity', 'paternity', 'emergency')) not null, "start_date" date not null, "end_date" date not null, "days_requested" integer not null, "reason" text not null, "status" varchar check ("status" in ('pending', 'approved', 'rejected', 'cancelled')) not null, "approved_by" integer, "approval_notes" text, "approved_at" datetime, "attachments" text, "created_at" datetime, "updated_at" datetime, foreign key("employee_id") references "employees"("id") on delete cascade, foreign key("approved_by") references "employees"("id") on delete set null))
&#13;
D:\Tulip-Store\vendor\laravel\framework\src\Illuminate\Database\Connection.php:829
D:\Tulip-Store\vendor\laravel\framework\src\Illuminate\Database\Connection.php:783
D:\Tulip-Store\vendor\laravel\framework\src\Illuminate\Database\Connection.php:576
D:\Tulip-Store\vendor\laravel\framework\src\Illuminate\Database\Schema\Blueprint.php:110
D:\Tulip-Store\vendor\laravel\framework\src\Illuminate\Database\Schema\Builder.php:602
D:\Tulip-Store\vendor\laravel\framework\src\Illuminate\Database\Schema\Builder.php:456
D:\Tulip-Store\vendor\laravel\framework\src\Illuminate\Support\Facades\Facade.php:355
D:\Tulip-Store\database\migrations\2025_12_18_140000_create_comprehensive_dashboard_tables.php:361
D:\Tulip-Store\vendor\laravel\framework\src\Illuminate\Database\Migrations\Migrator.php:501
D:\Tulip-Store\vendor\laravel\framework\src\Illuminate\Database\Migrations\Migrator.php:418
D:\Tulip-Store\vendor\laravel\framework\src\Illuminate\Database\Migrations\Migrator.php:427
D:\Tulip-Store\vendor\laravel\framework\src\Illuminate\Database\Migrations\Migrator.php:224
D:\Tulip-Store\vendor\laravel\framework\src\Illuminate\Console\View\Components\Task.php:37
D:\Tulip-Store\vendor\laravel\framework\src\Illuminate\Database\Migrations\Migrator.php:783
D:\Tulip-Store\vendor\laravel\framework\src\Illuminate\Database\Migrations\Migrator.php:224
D:\Tulip-Store\vendor\laravel\framework\src\Illuminate\Database\Migrations\Migrator.php:189
D:\Tulip-Store\vendor\laravel\framework\src\Illuminate\Database\Migrations\Migrator.php:132
D:\Tulip-Store\vendor\laravel\framework\src\Illuminate\Database\Console\Migrations\MigrateCommand.php:90
D:\Tulip-Store\vendor\laravel\framework\src\Illuminate\Database\Migrations\Migrator.php:641
D:\Tulip-Store\vendor\laravel\framework\src\Illuminate\Database\Console\Migrations\MigrateCommand.php:83
D:\Tulip-Store\vendor\laravel\framework\src\Illuminate\Container\BoundMethod.php:36
D:\Tulip-Store\vendor\laravel\framework\src\Illuminate\Container\Util.php:41
D:\Tulip-Store\vendor\laravel\framework\src\Illuminate\Container\BoundMethod.php:93
D:\Tulip-Store\vendor\laravel\framework\src\Illuminate\Container\BoundMethod.php:35
D:\Tulip-Store\vendor\laravel\framework\src\Illuminate\Container\Container.php:662
D:\Tulip-Store\vendor\laravel\framework\src\Illuminate\Console\Command.php:211
D:\Tulip-Store\vendor\symfony\console\Command\Command.php:326
D:\Tulip-Store\vendor\laravel\framework\src\Illuminate\Console\Command.php:180
D:\Tulip-Store\vendor\symfony\console\Application.php:1070
D:\Tulip-Store\vendor\symfony\console\Application.php:324
D:\Tulip-Store\vendor\symfony\console\Application.php:175
D:\Tulip-Store\vendor\laravel\framework\src\Illuminate\Console\Application.php:162
D:\Tulip-Store\vendor\laravel\framework\src\Illuminate\Foundation\Console\Kernel.php:400
D:\Tulip-Store\vendor\laravel\framework\src\Illuminate\Testing\PendingCommand.php:297
D:\Tulip-Store\vendor\laravel\framework\src\Illuminate\Testing\PendingCommand.php:484
D:\Tulip-Store\vendor\laravel\framework\src\Illuminate\Foundation\Testing\Concerns\InteractsWithConsole.php:80
D:\Tulip-Store\vendor\laravel\framework\src\Illuminate\Foundation\Testing\RefreshDatabase.php:47
D:\Tulip-Store\vendor\laravel\framework\src\Illuminate\Foundation\Testing\RefreshDatabase.php:22
D:\Tulip-Store\vendor\laravel\framework\src\Illuminate\Foundation\Testing\Concerns\InteractsWithTestCaseLifecycle.php:183
D:\Tulip-Store\vendor\laravel\framework\src\Illuminate\Foundation\Testing\Concerns\InteractsWithTestCaseLifecycle.php:84
D:\Tulip-Store\vendor\laravel\framework\src\Illuminate\Foundation\Testing\TestCase.php:40</error>
        </testcase>
      </testsuite>
    </testsuite>
  </testsuite>
</testsuites>
